DEBUG   |140514 22:51:16|Loading filters
DEBUG   |140514 22:51:16|-- Loading filter Srpskipfiles
DEBUG   |140514 22:51:16|-- Loading filter Directories
DEBUG   |140514 22:51:16|-- Loading filter Tabledata
DEBUG   |140514 22:51:16|-- Loading filter Srpdirs
DEBUG   |140514 22:51:16|-- Loading filter Skipdirs
DEBUG   |140514 22:51:16|-- Loading filter Srpfiles
DEBUG   |140514 22:51:16|-- Loading filter Srpskipdata
DEBUG   |140514 22:51:16|-- Loading filter Skipfiles
DEBUG   |140514 22:51:16|-- Loading filter Incremental
DEBUG   |140514 22:51:16|-- Loading filter Files
DEBUG   |140514 22:51:16|-- Loading filter Srpdata
DEBUG   |140514 22:51:16|-- Loading filter Tables
DEBUG   |140514 22:51:16|-- Loading filter PlatformSiteroot
DEBUG   |140514 22:51:16|-- Loading filter PlatformLibraries
DEBUG   |140514 22:51:16|-- Loading filter PlatformFolders
DEBUG   |140514 22:51:16|-- Loading filter PlatformTabledata
DEBUG   |140514 22:51:16|-- Loading filter PlatformSystemcachefiles
DEBUG   |140514 22:51:16|-- Loading filter PlatformSitedb
DEBUG   |140514 22:51:16|-- Loading filter PlatformSkipdirs
DEBUG   |140514 22:51:16|-- Loading filter PlatformSkipfiles
DEBUG   |140514 22:51:16|-- Loading filter PlatformFiles
DEBUG   |140514 22:51:16|Loading optional filters
DEBUG   |140514 22:51:16|-- Loading optional filter StackPlatformFinder
